<?xml version="1.0" encoding="UTF-8"?>
<testsuite xmlns:xsi="http://www.w3.org/2001/XMLSchema-instance" xsi:noNamespaceSchemaLocation="https://maven.apache.org/surefire/maven-surefire-plugin/xsd/surefire-test-report-3.0.xsd" version="3.0" name="TestSuite" time="1.084" tests="5" errors="0" skipped="0" failures="0">
  <properties>
[...]
</properties>
  <testcase name="BrowserTest" classname="Basic.ApiTest" time="0.018"/>
  <testcase name="BrowserTestLearn" classname="Basic.LearnTest" time="0"/>
  <testcase name="BrowserTesting" classname="Basic.SeleniumTest" time="0.001"/>
  <testcase name="SanityTesting" classname="Basic.SeleniumTest" time="0.001"/>
  <testcase name="testApp on instance testApp(Basic.AppTest)" classname="Basic.AppTest" time="0.579"/>
</testsuite>