<?xml version="1.0" encoding="UTF-8"?>
<testng-results total="1" passed="1" failed="0" skipped="0">
  <reporter-output>
  </reporter-output>
  <suite started-at="2020-01-30T21:20:47Z" name="Surefire suite" finished-at="2020-01-30T21:20:47Z" duration-ms="18">
    <groups>
    </groups>
    <test started-at="2020-01-30T21:20:47Z" name="Surefire test" finished-at="2020-01-30T21:20:47Z" duration-ms="18">
      <class name="Basic.AppTest">
        <test-method signature="testApp()" started-at="2020-01-30T21:20:47Z" name="testApp" finished-at="2020-01-30T21:20:47Z" duration-ms="4" status="PASS">
        </test-method>
      </class>
    </test>
  </suite>
</testng-results>
