<?xml version="1.0" encoding="UTF-8"?>
<!-- Generated by org.testng.reporters.JUnitXMLReporter -->
<testsuite ignored="0" hostname="Nehas-MacBook-Air.local" failures="0" tests="3" name="Test" time="0.086" errors="0" timestamp="2020-12-18T20:46:11 IST">
  <testcase classname="DemoTestng.NewTest" name="logIn" time="0.022"/>
  <testcase classname="DemoTestng.NewTest" name="signUp" time="0.003"/>
  <testcase classname="DemoTestng.NewTest2" name="SearchCart" time="0.002"/>
</testsuite> <!-- Test -->
