-------------------------------------------------------------------------------
Test set: shriTestRunner.TestRunner
-------------------------------------------------------------------------------
Tests run: 2, Failures: 0, Errors: 2, Skipped: 0, Time elapsed: 0.614 s <<< FAILURE! - in shriTestRunner.TestRunner
LogIn to Application.LogIn to Web Application  Time elapsed: 0.045 s  <<< ERROR!
java.io.FileNotFoundException: Users/neharaj/eclipse-workspace/ShriResumeMavenProject/src/test/java/Basic/OR.properties (No such file or directory)

LogIn to Application.LogIn to Web Application  Time elapsed: 0.046 s  <<< ERROR!
cucumber.runtime.junit.UndefinedThrowable: The step "Dashboard Page displayed" is undefined

