<?xml version="1.0" encoding="UTF-8"?>
<testsuite xmlns:xsi="http://www.w3.org/2001/XMLSchema-instance" xsi:noNamespaceSchemaLocation="https://maven.apache.org/surefire/maven-surefire-plugin/xsd/surefire-test-report-3.0.xsd" version="3.0" name="shriTestRunner.TestRunner" time="0.614" tests="2" errors="2" skipped="0" failures="0">
  <properties>
[...]
</properties>
  <testcase name="LogIn to Web Application" classname="LogIn to Application" time="0.045">
    <error message="Users/neharaj/eclipse-workspace/ShriResumeMavenProject/src/test/java/Basic/OR.properties (No such file or directory)" type="java.io.FileNotFoundException"><![CDATA[java.io.FileNotFoundException: Users/neharaj/eclipse-workspace/ShriResumeMavenProject/src/test/java/Basic/OR.properties (No such file or directory)
]]></error>
    <system-out><![CDATA[Smoke test
&amp#27;[31mF&amp#27;[0m&amp#27;[36m-&amp#27;[0m&amp#27;[36m-&amp#27;[0m&amp#27;[36m-&amp#27;[0m&amp#27;[36m-&amp#27;[0m&amp#27;[33mU&amp#27;[0mpass
]]></system-out>
  </testcase>
  <testcase name="LogIn to Web Application" classname="LogIn to Application" time="0.046">
    <error message="The step &quot;Dashboard Page displayed&quot; is undefined" type="cucumber.runtime.junit.UndefinedThrowable"><![CDATA[cucumber.runtime.junit.UndefinedThrowable: The step "Dashboard Page displayed" is undefined
]]></error>
  </testcase>
</testsuite>